Log file open, 03/03/18 14:51:01
LogWindows: Failed to load 'aqProf.dll' (GetLastError=126)
LogWindows: File 'aqProf.dll' does not exist
LogWindows: Failed to load 'VSPerf140.dll' (GetLastError=126)
LogWindows: File 'VSPerf140.dll' does not exist
LogWindows: Failed to load 'VtuneApi.dll' (GetLastError=126)
LogWindows: File 'VtuneApi.dll' does not exist
LogWindows: Failed to load 'VtuneApi32e.dll' (GetLastError=126)
LogWindows: File 'VtuneApi32e.dll' does not exist
LogInit: Display: Running engine for game: BuildingEscape
LogPlatformFile: Not using cached read wrapper
LogInit: Display: RandInit(-1819861567) SRandInit(-1819861566).
LogInit: Read version file with build ID '3709383'
LogInit: Overriding engine version to CL 3832480, compatible CL 3709383
LogInit: Registered custom module enumerator with build ID '3709383'
LogTaskGraph: Started task graph with 5 named threads and 14 total threads with 3 sets of task threads.
LogStats: Stats thread started at 6.735155
LogD3D11RHI: Aftermath initialized
LogPluginManager: Mounting plugin Paper2D
LogPluginManager: Mounting plugin LightPropagationVolume
LogPluginManager: Mounting plugin CodeLiteSourceCodeAccess
LogPluginManager: Mounting plugin GitSourceControl
LogPluginManager: Mounting plugin KDevelopSourceCodeAccess
LogPluginManager: Mounting plugin NullSourceCodeAccess
LogPluginManager: Mounting plugin PerforceSourceControl
LogPluginManager: Mounting plugin SubversionSourceControl
LogPluginManager: Mounting plugin UObjectPlugin
LogPluginManager: Mounting plugin VisualStudioCodeSourceCodeAccess
LogPluginManager: Mounting plugin VisualStudioSourceCodeAccess
LogPluginManager: Mounting plugin XCodeSourceCodeAccess
LogPluginManager: Mounting plugin AssetManagerEditor
LogPluginManager: Mounting plugin AudioCapture
LogPluginManager: Mounting plugin FacialAnimation
LogPluginManager: Mounting plugin GameplayTagsEditor
LogPluginManager: Mounting plugin MobileLauncherProfileWizard
LogPluginManager: Mounting plugin PluginBrowser
LogPluginManager: Mounting plugin SpeedTreeImporter
LogPluginManager: Mounting plugin AlembicImporter
LogPluginManager: Mounting plugin CharacterAI
LogPluginManager: Mounting plugin HTML5Networking
LogPluginManager: Mounting plugin AndroidMedia
LogPluginManager: Mounting plugin AvfMedia
LogPluginManager: Mounting plugin ImgMedia
LogPluginManager: Mounting plugin MediaCompositing
LogPluginManager: Mounting plugin MediaPlayerEditor
LogPluginManager: Mounting plugin WmfMedia
LogPluginManager: Mounting plugin TcpMessaging
LogPluginManager: Mounting plugin UdpMessaging
LogPluginManager: Mounting plugin ActorSequence
LogPluginManager: Mounting plugin LevelSequenceEditor
LogPluginManager: Mounting plugin MatineeToLevelSequence
LogPluginManager: Mounting plugin OnlineSubsystemGooglePlay
LogPluginManager: Mounting plugin OnlineSubsystemIOS
LogPluginManager: Mounting plugin OnlineSubsystem
LogPluginManager: Mounting plugin OnlineSubsystemNull
LogPluginManager: Mounting plugin OnlineSubsystemUtils
LogPluginManager: Mounting plugin AndroidDeviceProfileSelector
LogPluginManager: Mounting plugin AndroidMoviePlayer
LogPluginManager: Mounting plugin AndroidPermission
LogPluginManager: Mounting plugin AppleARKit
LogPluginManager: Mounting plugin AppleMoviePlayer
LogPluginManager: Mounting plugin ArchVisCharacter
LogPluginManager: Mounting plugin CableComponent
LogPluginManager: Mounting plugin CustomMeshComponent
LogPluginManager: Mounting plugin ExampleDeviceProfileSelector
LogPluginManager: Mounting plugin GoogleCloudMessaging
LogPluginManager: Mounting plugin ImmediatePhysics
LogPluginManager: Mounting plugin IOSDeviceProfileSelector
LogPluginManager: Mounting plugin LinuxDeviceProfileSelector
LogPluginManager: Mounting plugin LocationServicesBPLibrary
LogPluginManager: Mounting plugin MobilePatchingUtils
LogPluginManager: Mounting plugin OculusVR
LogPluginManager: Plugin shader directory ../../../Engine/Plugins/Runtime/Oculus/OculusVR/Shaders found
LogPluginManager: Mapping shader source directory ../../../Engine/Plugins/Runtime/Oculus/OculusVR/Shaders to virtual directory /Plugin/OculusVR
LogPluginManager: Mounting plugin PhysXVehicles
LogPluginManager: Mounting plugin ProceduralMeshComponent
LogPluginManager: Mounting plugin RuntimePhysXCooking
LogPluginManager: Mounting plugin SteamVR
LogPluginManager: Mounting plugin WindowsMoviePlayer
LogModuleManager: Display: Found up-to-date module file ../../../../../../../Programming/GitHub/unrealcourse/BuildingEscape/Binaries/Win64/UE4Editor-BuildingEscape.dll (API version 3709383).
LogModuleManager: Display: Found up-to-date module file ../../../Engine/Plugins/2D/Paper2D/Binaries/Win64/UE4Editor-Paper2D.dll (API version 3709383).
LogModuleManager: Display: Found up-to-date module file ../../../Engine/Plugins/2D/Paper2D/Binaries/Win64/UE4Editor-Paper2DEditor.dll (API version 3709383).
LogModuleManager: Display: Found up-to-date module file ../../../Engine/Plugins/2D/Paper2D/Binaries/Win64/UE4Editor-PaperSpriteSheetImporter.dll (API version 3709383).
LogModuleManager: Display: Found up-to-date module file ../../../Engine/Plugins/2D/Paper2D/Binaries/Win64/UE4Editor-PaperTiledImporter.dll (API version 3709383).
LogModuleManager: Display: Found up-to-date module file ../../../Engine/Plugins/2D/Paper2D/Binaries/Win64/UE4Editor-SmartSnapping.dll (API version 3709383).
LogModuleManager: Display: Found up-to-date module file ../../../Engine/Plugins/Blendables/LightPropagationVolume/Binaries/Win64/UE4Editor-LightPropagationVolumeRuntime.dll (API version 3709383).
LogModuleManager: Display: Found up-to-date module file ../../../Engine/Plugins/Blendables/LightPropagationVolume/Binaries/Win64/UE4Editor-LightPropagationVolumeEditor.dll (API version 3709383).
LogModuleManager: Display: Found up-to-date module file ../../../Engine/Plugins/Developer/GitSourceControl/Binaries/Win64/UE4Editor-GitSourceControl.dll (API version 3709383).
LogModuleManager: Display: Found up-to-date module file ../../../Engine/Plugins/Developer/PerforceSourceControl/Binaries/Win64/UE4Editor-PerforceSourceControl.dll (API version 3709383).
LogModuleManager: Display: Found up-to-date module file ../../../Engine/Plugins/Developer/SubversionSourceControl/Binaries/Win64/UE4Editor-SubversionSourceControl.dll (API version 3709383).
LogModuleManager: Display: Found up-to-date module file ../../../Engine/Plugins/Developer/UObjectPlugin/Binaries/Win64/UE4Editor-UObjectPlugin.dll (API version 3709383).
LogModuleManager: Display: Found up-to-date module file ../../../Engine/Plugins/Developer/VisualStudioCodeSourceCodeAccess/Binaries/Win64/UE4Editor-VisualStudioCodeSourceCodeAccess.dll (API version 3709383).
LogModuleManager: Display: Found up-to-date module file ../../../Engine/Plugins/Developer/VisualStudioSourceCodeAccess/Binaries/Win64/UE4Editor-VisualStudioSourceCodeAccess.dll (API version 3709383).
LogModuleManager: Display: Found up-to-date module file ../../../Engine/Plugins/Editor/AssetManagerEditor/Binaries/Win64/UE4Editor-AssetManagerEditor.dll (API version 3709383).
LogModuleManager: Display: Found up-to-date module file ../../../Engine/Plugins/Editor/AudioCapture/Binaries/Win64/UE4Editor-AudioCapture.dll (API version 3709383).
LogModuleManager: Display: Found up-to-date module file ../../../Engine/Plugins/Editor/FacialAnimation/Binaries/Win64/UE4Editor-FacialAnimation.dll (API version 3709383).
LogModuleManager: Display: Found up-to-date module file ../../../Engine/Plugins/Editor/FacialAnimation/Binaries/Win64/UE4Editor-FacialAnimationEditor.dll (API version 3709383).
LogModuleManager: Display: Found up-to-date module file ../../../Engine/Plugins/Editor/GameplayTagsEditor/Binaries/Win64/UE4Editor-GameplayTagsEditor.dll (API version 3709383).
LogModuleManager: Display: Found up-to-date module file ../../../Engine/Plugins/Editor/MobileLauncherProfileWizard/Binaries/Win64/UE4Editor-MobileLauncherProfileWizard.dll (API version 3709383).
LogModuleManager: Display: Found up-to-date module file ../../../Engine/Plugins/Editor/PluginBrowser/Binaries/Win64/UE4Editor-PluginBrowser.dll (API version 3709383).
LogModuleManager: Display: Found up-to-date module file ../../../Engine/Plugins/Editor/SpeedTreeImporter/Binaries/Win64/UE4Editor-SpeedTreeImporter.dll (API version 3709383).
LogModuleManager: Display: Found up-to-date module file ../../../Engine/Plugins/Experimental/AlembicImporter/Binaries/Win64/UE4Editor-AlembicImporter.dll (API version 3709383).
LogModuleManager: Display: Found up-to-date module file ../../../Engine/Plugins/Experimental/AlembicImporter/Binaries/Win64/UE4Editor-AlembicLibrary.dll (API version 3709383).
LogModuleManager: Display: Found up-to-date module file ../../../Engine/Plugins/Experimental/CharacterAI/Binaries/Win64/UE4Editor-CharacterAI.dll (API version 3709383).
LogModuleManager: Display: Found up-to-date module file ../../../Engine/Plugins/Experimental/HTML5Networking/Binaries/Win64/UE4Editor-HTML5Networking.dll (API version 3709383).
LogModuleManager: Display: Found up-to-date module file ../../../Engine/Plugins/Media/AndroidMedia/Binaries/Win64/UE4Editor-AndroidMediaEditor.dll (API version 3709383).
LogModuleManager: Display: Found up-to-date module file ../../../Engine/Plugins/Media/AndroidMedia/Binaries/Win64/UE4Editor-AndroidMediaFactory.dll (API version 3709383).
LogModuleManager: Display: Found up-to-date module file ../../../Engine/Plugins/Media/AvfMedia/Binaries/Win64/UE4Editor-AvfMediaEditor.dll (API version 3709383).
LogModuleManager: Display: Found up-to-date module file ../../../Engine/Plugins/Media/AvfMedia/Binaries/Win64/UE4Editor-AvfMediaFactory.dll (API version 3709383).
LogModuleManager: Display: Found up-to-date module file ../../../Engine/Plugins/Media/AvfMedia/Binaries/Win64/UE4Editor-AvfMediaFactory.dll (API version 3709383).
LogModuleManager: Display: Found up-to-date module file ../../../Engine/Plugins/Media/ImgMedia/Binaries/Win64/UE4Editor-ImgMedia.dll (API version 3709383).
LogModuleManager: Display: Found up-to-date module file ../../../Engine/Plugins/Media/ImgMedia/Binaries/Win64/UE4Editor-ImgMediaEditor.dll (API version 3709383).
LogModuleManager: Display: Found up-to-date module file ../../../Engine/Plugins/Media/ImgMedia/Binaries/Win64/UE4Editor-ImgMediaFactory.dll (API version 3709383).
LogModuleManager: Display: Found up-to-date module file ../../../Engine/Plugins/Media/ImgMedia/Binaries/Win64/UE4Editor-ImgMediaFactory.dll (API version 3709383).
LogModuleManager: Display: Found up-to-date module file ../../../Engine/Plugins/Media/ImgMedia/Binaries/Win64/UE4Editor-OpenExrWrapper.dll (API version 3709383).
LogModuleManager: Display: Found up-to-date module file ../../../Engine/Plugins/Media/MediaCompositing/Binaries/Win64/UE4Editor-MediaCompositing.dll (API version 3709383).
LogModuleManager: Display: Found up-to-date module file ../../../Engine/Plugins/Media/MediaCompositing/Binaries/Win64/UE4Editor-MediaCompositingEditor.dll (API version 3709383).
LogModuleManager: Display: Found up-to-date module file ../../../Engine/Plugins/Media/MediaPlayerEditor/Binaries/Win64/UE4Editor-MediaPlayerEditor.dll (API version 3709383).
LogModuleManager: Display: Found up-to-date module file ../../../Engine/Plugins/Media/WmfMedia/Binaries/Win64/UE4Editor-WmfMedia.dll (API version 3709383).
LogModuleManager: Display: Found up-to-date module file ../../../Engine/Plugins/Media/WmfMedia/Binaries/Win64/UE4Editor-WmfMediaEditor.dll (API version 3709383).
LogModuleManager: Display: Found up-to-date module file ../../../Engine/Plugins/Media/WmfMedia/Binaries/Win64/UE4Editor-WmfMediaFactory.dll (API version 3709383).
LogModuleManager: Display: Found up-to-date module file ../../../Engine/Plugins/Media/WmfMedia/Binaries/Win64/UE4Editor-WmfMediaFactory.dll (API version 3709383).
LogModuleManager: Display: Found up-to-date module file ../../../Engine/Plugins/Messaging/TcpMessaging/Binaries/Win64/UE4Editor-TcpMessaging.dll (API version 3709383).
LogModuleManager: Display: Found up-to-date module file ../../../Engine/Plugins/Messaging/UdpMessaging/Binaries/Win64/UE4Editor-UdpMessaging.dll (API version 3709383).
LogModuleManager: Display: Found up-to-date module file ../../../Engine/Plugins/MovieScene/ActorSequence/Binaries/Win64/UE4Editor-ActorSequence.dll (API version 3709383).
LogModuleManager: Display: Found up-to-date module file ../../../Engine/Plugins/MovieScene/LevelSequenceEditor/Binaries/Win64/UE4Editor-LevelSequenceEditor.dll (API version 3709383).
LogModuleManager: Display: Found up-to-date module file ../../../Engine/Plugins/MovieScene/MatineeToLevelSequence/Binaries/Win64/UE4Editor-MatineeToLevelSequence.dll (API version 3709383).
LogModuleManager: Display: Found up-to-date module file ../../../Engine/Plugins/Online/OnlineSubsystem/Binaries/Win64/UE4Editor-OnlineSubsystem.dll (API version 3709383).
LogModuleManager: Display: Found up-to-date module file ../../../Engine/Plugins/Online/OnlineSubsystemNull/Binaries/Win64/UE4Editor-OnlineSubsystemNull.dll (API version 3709383).
LogModuleManager: Display: Found up-to-date module file ../../../Engine/Plugins/Online/OnlineSubsystemUtils/Binaries/Win64/UE4Editor-OnlineSubsystemUtils.dll (API version 3709383).
LogModuleManager: Display: Found up-to-date module file ../../../Engine/Plugins/Online/OnlineSubsystemUtils/Binaries/Win64/UE4Editor-OnlineBlueprintSupport.dll (API version 3709383).
LogModuleManager: Display: Found up-to-date module file ../../../Engine/Plugins/Runtime/AndroidDeviceProfileSelector/Binaries/Win64/UE4Editor-AndroidDeviceProfileSelector.dll (API version 3709383).
LogModuleManager: Display: Found up-to-date module file ../../../Engine/Plugins/Runtime/AndroidPermission/Binaries/Win64/UE4Editor-AndroidPermission.dll (API version 3709383).
LogModuleManager: Display: Found up-to-date module file ../../../Engine/Plugins/Runtime/AppleARKit/Binaries/Win64/UE4Editor-AppleARKit.dll (API version 3709383).
LogModuleManager: Display: Found up-to-date module file ../../../Engine/Plugins/Runtime/ArchVisCharacter/Binaries/Win64/UE4Editor-ArchVisCharacter.dll (API version 3709383).
LogModuleManager: Display: Found up-to-date module file ../../../Engine/Plugins/Runtime/CableComponent/Binaries/Win64/UE4Editor-CableComponent.dll (API version 3709383).
LogModuleManager: Display: Found up-to-date module file ../../../Engine/Plugins/Runtime/CustomMeshComponent/Binaries/Win64/UE4Editor-CustomMeshComponent.dll (API version 3709383).
LogModuleManager: Display: Found up-to-date module file ../../../Engine/Plugins/Runtime/ExampleDeviceProfileSelector/Binaries/Win64/UE4Editor-ExampleDeviceProfileSelector.dll (API version 3709383).
LogModuleManager: Display: Found up-to-date module file ../../../Engine/Plugins/Runtime/ImmediatePhysics/Binaries/Win64/UE4Editor-ImmediatePhysics.dll (API version 3709383).
LogModuleManager: Display: Found up-to-date module file ../../../Engine/Plugins/Runtime/ImmediatePhysics/Binaries/Win64/UE4Editor-ImmediatePhysicsEditor.dll (API version 3709383).
LogModuleManager: Display: Found up-to-date module file ../../../Engine/Plugins/Runtime/LocationServicesBPLibrary/Binaries/Win64/UE4Editor-LocationServicesBPLibrary.dll (API version 3709383).
LogModuleManager: Display: Found up-to-date module file ../../../Engine/Plugins/Runtime/MobilePatchingUtils/Binaries/Win64/UE4Editor-MobilePatchingUtils.dll (API version 3709383).
LogModuleManager: Display: Found up-to-date module file ../../../Engine/Plugins/Runtime/Oculus/OculusVR/Binaries/Win64/UE4Editor-OculusHMD.dll (API version 3709383).
LogModuleManager: Display: Found up-to-date module file ../../../Engine/Plugins/Runtime/Oculus/OculusVR/Binaries/Win64/UE4Editor-OculusInput.dll (API version 3709383).
LogModuleManager: Display: Found up-to-date module file ../../../Engine/Plugins/Runtime/Oculus/OculusVR/Binaries/Win64/UE4Editor-OculusEditor.dll (API version 3709383).
LogModuleManager: Display: Found up-to-date module file ../../../Engine/Plugins/Runtime/PhysXVehicles/Binaries/Win64/UE4Editor-PhysXVehicles.dll (API version 3709383).
LogModuleManager: Display: Found up-to-date module file ../../../Engine/Plugins/Runtime/PhysXVehicles/Binaries/Win64/UE4Editor-PhysXVehiclesEditor.dll (API version 3709383).
LogModuleManager: Display: Found up-to-date module file ../../../Engine/Plugins/Runtime/ProceduralMeshComponent/Binaries/Win64/UE4Editor-ProceduralMeshComponent.dll (API version 3709383).
LogModuleManager: Display: Found up-to-date module file ../../../Engine/Plugins/Runtime/ProceduralMeshComponent/Binaries/Win64/UE4Editor-ProceduralMeshComponentEditor.dll (API version 3709383).
LogModuleManager: Display: Found up-to-date module file ../../../Engine/Plugins/Runtime/RuntimePhysXCooking/Binaries/Win64/UE4Editor-RuntimePhysXCooking.dll (API version 3709383).
LogModuleManager: Display: Found up-to-date module file ../../../Engine/Plugins/Runtime/Steam/SteamVR/Binaries/Win64/UE4Editor-SteamVR.dll (API version 3709383).
LogModuleManager: Display: Found up-to-date module file ../../../Engine/Plugins/Runtime/Steam/SteamVR/Binaries/Win64/UE4Editor-SteamVRController.dll (API version 3709383).
LogModuleManager: Display: Found up-to-date module file ../../../Engine/Plugins/Runtime/WindowsMoviePlayer/Binaries/Win64/UE4Editor-WindowsMoviePlayer.dll (API version 3709383).
LogInit: Using libcurl 7.47.1
LogInit:  - built for x86_64-pc-win32
LogInit:  - supports SSL with OpenSSL/1.0.2g
LogInit:  - supports HTTP deflate (compression) using libz 1.2.8
LogInit:  - other features:
LogInit:      CURL_VERSION_SSL
LogInit:      CURL_VERSION_LIBZ
LogInit:      CURL_VERSION_IPV6
LogInit:      CURL_VERSION_ASYNCHDNS
LogInit:      CURL_VERSION_LARGEFILE
LogInit:      CURL_VERSION_IDN
LogInit:  CurlRequestOptions (configurable via config and command line):
LogInit:  - bVerifyPeer = false  - Libcurl will NOT verify peer certificate
LogInit:  - bUseHttpProxy = false  - Libcurl will NOT use HTTP proxy
LogInit:  - bDontReuseConnections = false  - Libcurl will reuse connections
LogInit:  - CertBundlePath = nullptr  - Libcurl will use whatever was configured at build time.
LogInit: Build: ++UE4+Release-4.18-CL-3832480
LogInit: Engine Version: 4.18.3-3832480+++UE4+Release-4.18
LogInit: Compatible Engine Version: 4.18.0-3709383+++UE4+Release-4.18
LogInit: Net CL: 3709383
LogDevObjectVersion: Number of dev versions registered: 16
LogDevObjectVersion:   Dev-Blueprints (B0D832E4-1F89-4F0D-ACCF-7EB736FD4AA2): 10
LogDevObjectVersion:   Dev-Build (E1C64328-A22C-4D53-A36C-8E866417BD8C): 0
LogDevObjectVersion:   Dev-Core (375EC13C-06E4-48FB-B500-84F0262A717E): 2
LogDevObjectVersion:   Dev-Editor (E4B068ED-F494-42E9-A231-DA0B2E46BB41): 20
LogDevObjectVersion:   Dev-Framework (CFFC743F-43B0-4480-9391-14DF171D2073): 30
LogDevObjectVersion:   Dev-Mobile (B02B49B5-BB20-44E9-A304-32B752E40360): 0
LogDevObjectVersion:   Dev-Networking (A4E4105C-59A1-49B5-A7C5-40C4547EDFEE): 0
LogDevObjectVersion:   Dev-Online (39C831C9-5AE6-47DC-9A44-9C173E1C8E7C): 0
LogDevObjectVersion:   Dev-Physics (78F01B33-EBEA-4F98-B9B4-84EACCB95AA2): 0
LogDevObjectVersion:   Dev-Platform (6631380F-2D4D-43E0-8009-CF276956A95A): 0
LogDevObjectVersion:   Dev-Rendering (12F88B9F-8875-4AFC-A67C-D90C383ABD29): 20
LogDevObjectVersion:   Dev-Sequencer (7B5AE74C-D270-4C10-A958-57980B212A5A): 4
LogDevObjectVersion:   Dev-VR (D7296918-1DD6-4BDD-9DE2-64A83CC13884): 0
LogDevObjectVersion:   Dev-LoadTimes (C2A15278-BFE7-4AFE-6C17-90FF531DF755): 1
LogDevObjectVersion:   Private-Geometry (6EACA3D4-40EC-4CC1-B786-8BED09428FC5): 1
LogDevObjectVersion:   Dev-AnimPhys (29E575DD-E0A3-4627-9D10-D276232CDCEA): 12
LogInit: Compiled (64-bit): Jan 12 2018 02:04:55
LogInit: Compiled with Visual C++: 19.00.24215.01
LogInit: Build Configuration: Development
LogInit: Branch Name: ++UE4+Release-4.18
LogInit: Command line:  
LogInit: Base directory: D:/Program Files/Epic Games/Unreal Engine/UE_4.18/Engine/Binaries/Win64/
LogInit: Installed Engine Build: 1
LogInit: Presizing for max 8388607 objects, including 0 objects not considered by GC, pre-allocating 0 bytes for permanent pool.
LogInit: Object subsystem initialized
[2018.03.03-01.51.07:946][  0]LogInit: Selected Device Profile: [Windows]
[2018.03.03-01.51.07:946][  0]LogInit: Applying CVar settings loaded from the selected device profile: [Windows]
[2018.03.03-01.51.08:103][  0]LogInit: Computer: DESKTOP-1KFNQ7K
[2018.03.03-01.51.08:103][  0]LogInit: User: Asterix
[2018.03.03-01.51.08:103][  0]LogInit: CPU Page size=4096, Cores=4
[2018.03.03-01.51.08:103][  0]LogInit: High frequency timer resolution =2.742187 MHz
[2018.03.03-01.51.08:104][  0]LogMemory: Memory total: Physical=15.9GB (16GB approx)
[2018.03.03-01.51.08:104][  0]LogMemory: Platform Memory Stats for Windows
[2018.03.03-01.51.08:104][  0]LogMemory: Process Physical Memory: 272.72 MB used, 272.72 MB peak
[2018.03.03-01.51.08:104][  0]LogMemory: Process Virtual Memory: 271.89 MB used, 271.89 MB peak
[2018.03.03-01.51.08:104][  0]LogMemory: Physical Memory: 7632.33 MB used,  8617.93 MB free, 16250.27 MB total
[2018.03.03-01.51.08:104][  0]LogMemory: Virtual Memory: 665.27 MB used,  8617.93 MB free, 134217728.00 MB total
[2018.03.03-01.51.10:070][  0]LogInit: Using OS detected language (en-US).
[2018.03.03-01.51.10:070][  0]LogInit: Using OS detected locale (en-NZ).
[2018.03.03-01.51.10:326][  0]LogTextLocalizationManager: No specific localization for 'en-US' exists, so the 'en' localization will be used.
[2018.03.03-01.51.11:151][  0]LogInit: Setting process to per monitor DPI aware
[2018.03.03-01.51.16:614][  0]LogD3D11RHI: D3D11 adapters:
[2018.03.03-01.51.17:716][  0]LogD3D11RHI:    0. 'NVIDIA GeForce GTX 1050 Ti' (Feature Level 11_0)
[2018.03.03-01.51.17:716][  0]LogD3D11RHI:       4029/0/8125 MB DedicatedVideo/DedicatedSystem/SharedSystem, Outputs:1, VendorId:0x10de
[2018.03.03-01.51.17:731][  0]LogD3D11RHI:    1. 'Intel(R) HD Graphics 630' (Feature Level 11_0)
[2018.03.03-01.51.17:731][  0]LogD3D11RHI:       128/0/8125 MB DedicatedVideo/DedicatedSystem/SharedSystem, Outputs:0, VendorId:0x8086
[2018.03.03-01.51.17:734][  0]LogD3D11RHI:    2. 'Microsoft Basic Render Driver' (Feature Level 11_0)
[2018.03.03-01.51.17:734][  0]LogD3D11RHI:       0/0/8125 MB DedicatedVideo/DedicatedSystem/SharedSystem, Outputs:0, VendorId:0x1414
[2018.03.03-01.51.17:734][  0]LogD3D11RHI: Chosen D3D11 Adapter: 0
[2018.03.03-01.51.17:743][  0]LogD3D11RHI: Creating new Direct3DDevice
[2018.03.03-01.51.17:743][  0]LogD3D11RHI:     GPU DeviceId: 0x1c8c (for the marketing name, search the web for "GPU Device Id")
[2018.03.03-01.51.17:743][  0]LogWindows: EnumDisplayDevices:
[2018.03.03-01.51.17:743][  0]LogWindows:    0. 'Intel(R) HD Graphics 630' (P:1 D:1)
[2018.03.03-01.51.17:744][  0]LogWindows:    1. 'Intel(R) HD Graphics 630' (P:0 D:0)
[2018.03.03-01.51.17:744][  0]LogWindows:    2. 'Intel(R) HD Graphics 630' (P:0 D:0)
[2018.03.03-01.51.17:744][  0]LogWindows:    3. 'NVIDIA GeForce GTX 1050 Ti' (P:0 D:0)
[2018.03.03-01.51.17:744][  0]LogWindows: DebugString: GetVideoDriverDetailsInvalid PrimaryIsNotTheChoosenAdapter GetVideoDriverDetailsInvalid PrimaryIsNotTheChoosenAdapter GetVideoDriverDetailsInvalid PrimaryIsNotTheChoosenAdapter GetVideoDriverDetailsInvalid PrimaryIsNotTheChoosenAdapter FoundDriverCount:0 
[2018.03.03-01.51.17:744][  0]LogD3D11RHI:     Adapter Name: NVIDIA GeForce GTX 1050 Ti
[2018.03.03-01.51.17:744][  0]LogD3D11RHI:   Driver Version: Unknown (internal:Unknown, unified:Unknown)
[2018.03.03-01.51.17:744][  0]LogD3D11RHI:      Driver Date: Unknown
[2018.03.03-01.51.17:744][  0]LogRHI: Texture pool is 2820 MB (70% of 4029 MB)
[2018.03.03-01.51.17:821][  0]LogD3D11RHI: Async texture creation enabled
[2018.03.03-01.51.18:260][  0]LogD3D11RHI: GPU Timing Frequency: 1000.000000 (Debug: 2 2)
[2018.03.03-01.51.18:374][  0]LogShaderCompilers: Guid format shader working directory is -22 characters bigger than the processId version (../../../../../../../Programming/GitHub/unrealcourse/BuildingEscape/Intermediate/Shaders/WorkingDirectory/18888/).
[2018.03.03-01.51.18:375][  0]LogShaderCompilers: Cleaned the shader compiler working directory 'C:/Users/zsomb/AppData/Local/Temp/UnrealShaderWorkingDir/21EA06E94756BB445265AC934623B9F0/'.
[2018.03.03-01.51.18:398][  0]LogShaderCompilers: Display: Using Local Shader Compiler.
[2018.03.03-01.51.22:622][  0]LogTemp: Display: Loaded TP AllDesktopTargetPlatform
[2018.03.03-01.51.22:723][  0]LogTemp: Display: Loaded TP MacClientTargetPlatform
[2018.03.03-01.51.22:776][  0]LogTemp: Display: Loaded TP MacNoEditorTargetPlatform
[2018.03.03-01.51.22:847][  0]LogTemp: Display: Loaded TP MacServerTargetPlatform
[2018.03.03-01.51.22:929][  0]LogTemp: Display: Loaded TP MacTargetPlatform
[2018.03.03-01.51.23:018][  0]LogTemp: Display: Loaded TP WindowsClientTargetPlatform
[2018.03.03-01.51.23:073][  0]LogTemp: Display: Loaded TP WindowsNoEditorTargetPlatform
[2018.03.03-01.51.23:132][  0]LogTemp: Display: Loaded TP WindowsServerTargetPlatform
[2018.03.03-01.51.23:183][  0]LogTemp: Display: Loaded TP WindowsTargetPlatform
[2018.03.03-01.51.23:237][  0]LogTemp: Display: Loaded TP Android_ASTCTargetPlatform
[2018.03.03-01.51.23:294][  0]LogTemp: Display: Loaded TP Android_ATCTargetPlatform
[2018.03.03-01.51.23:377][  0]LogTemp: Display: Loaded TP Android_DXTTargetPlatform
[2018.03.03-01.51.23:433][  0]LogTemp: Display: Loaded TP Android_ETC1TargetPlatform
[2018.03.03-01.51.23:493][  0]LogTemp: Display: Loaded TP Android_ETC2TargetPlatform
[2018.03.03-01.51.23:608][  0]LogTemp: Display: Loaded TP Android_MultiTargetPlatform
[2018.03.03-01.51.23:608][  0]LogTemp: Display: Loaded TP Android_PVRTCTargetPlatform
[2018.03.03-01.51.23:691][  0]LogTemp: Display: Loaded TP AndroidTargetPlatform
[2018.03.03-01.51.23:788][  0]LogTemp: Display: Loaded TP HTML5TargetPlatform
[2018.03.03-01.51.23:967][  0]LogTemp: Display: Loaded TP IOSTargetPlatform
[2018.03.03-01.51.24:029][  0]LogTemp: Display: Loaded TP TVOSTargetPlatform
[2018.03.03-01.51.24:097][  0]LogTemp: Display: Loaded TP LinuxClientTargetPlatform
[2018.03.03-01.51.24:150][  0]LogTemp: Display: Loaded TP LinuxNoEditorTargetPlatform
[2018.03.03-01.51.24:255][  0]LogTemp: Display: Loaded TP LinuxServerTargetPlatform
[2018.03.03-01.51.24:324][  0]LogTemp: Display: Loaded TP LinuxTargetPlatform
[2018.03.03-01.51.24:324][  0]LogTargetPlatformManager: Display: Building Assets For Windows
[2018.03.03-01.51.26:370][  0]LogDerivedDataCache: Display: Max Cache Size: 512 MB
[2018.03.03-01.51.26:949][  0]LogDerivedDataCache: Loaded boot cache 0.58s 80MB C:/Users/zsomb/AppData/Local/UnrealEngine/4.18/DerivedDataCache/Boot.ddc.
[2018.03.03-01.51.26:949][  0]LogDerivedDataCache: Display: Loaded Boot cache: C:/Users/zsomb/AppData/Local/UnrealEngine/4.18/DerivedDataCache/Boot.ddc
[2018.03.03-01.51.26:949][  0]LogDerivedDataCache: FDerivedDataBackendGraph:  Pak pak cache file ../../../../../../../Programming/GitHub/unrealcourse/BuildingEscape/DerivedDataCache/DDC.ddp not found, will not use a pak cache.
[2018.03.03-01.51.26:949][  0]LogDerivedDataCache: Unable to find inner node Pak for hierarchical cache Hierarchy.
[2018.03.03-01.51.26:949][  0]LogDerivedDataCache: FDerivedDataBackendGraph:  CompressedPak pak cache file ../../../../../../../Programming/GitHub/unrealcourse/BuildingEscape/DerivedDataCache/Compressed.ddp not found, will not use a pak cache.
[2018.03.03-01.51.26:949][  0]LogDerivedDataCache: Unable to find inner node CompressedPak for hierarchical cache Hierarchy.
[2018.03.03-01.51.27:074][  0]LogDerivedDataCache: Display: Pak cache opened for reading ../../../Engine/DerivedDataCache/Compressed.ddp.
[2018.03.03-01.51.27:095][  0]LogDerivedDataCache: Using Local data cache path C:/Users/zsomb/AppData/Local/UnrealEngine/Common/DerivedDataCache: Writable
[2018.03.03-01.51.27:213][  0]LogMaterial: Verifying Global Shaders for PCD3D_SM5
[2018.03.03-01.51.27:327][  0]LogSlate: Using Freetype 2.6.0
[2018.03.03-01.51.27:439][  0]LogSlate: SlateFontCache - WITH_FREETYPE: 1, WITH_HARFBUZZ: 1
[2018.03.03-01.51.27:454][  0]LogSlate: SlateFontCache - WITH_FREETYPE: 1, WITH_HARFBUZZ: 1
[2018.03.03-01.51.35:164][  0]LogInit: Selected Device Profile: [Windows]
[2018.03.03-01.51.37:792][  0]LogSimplygon: Simplygon DLL not present - disabling.
[2018.03.03-01.51.37:968][  0]LogMeshReduction: Using SimplygonSwarm for distributed automatic mesh merging
[2018.03.03-01.51.37:995][  0]LogMeshReduction: Using QuadricMeshReduction for automatic static mesh reduction
[2018.03.03-01.51.37:995][  0]LogMeshReduction: No automatic skeletal mesh reduction module available
[2018.03.03-01.51.37:996][  0]LogMeshReduction: No automatic mesh merging module available
[2018.03.03-01.51.37:996][  0]LogMeshMerging: No automatic mesh merging module available
[2018.03.03-01.51.38:646][  0]LogNetVersion: BuildingEscape , NetCL: 3709383, EngineNetVer: 2, GameNetVer: 0 (Checksum: 875052629)
[2018.03.03-01.51.40:982][  0]LogAssetRegistry: FAssetRegistry took 0.0718 seconds to start up
[2018.03.03-01.51.49:967][  0]LogPackageLocalizationCache: Processed 7 localized package path(s) for 2 prioritized culture(s) in 0.165721 seconds
[2018.03.03-01.51.49:978][  0]LogUObjectArray: 35870 objects as part of root set at end of initial load.
[2018.03.03-01.51.49:978][  0]LogUObjectAllocator: 7363696 out of 0 bytes used by permanent object pool.
[2018.03.03-01.51.49:978][  0]LogUObjectArray: CloseDisregardForGC: 0/0 objects in disregard for GC pool
[2018.03.03-01.51.50:046][  0]LogInit: WinSock: version 1.1 (2.2), MaxSocks=32767, MaxUdp=65467
[2018.03.03-01.52.10:572][  0]LogTcpMessaging: Initializing TcpMessaging bridge
[2018.03.03-01.52.10:723][  0]LogUdpMessaging: Initializing bridge on interface 0.0.0.0:0 to multicast group 230.0.0.1:6666.
[2018.03.03-01.52.13:061][  0]LogMaterial: Uniform references updated for custom material expression Custom.
[2018.03.03-01.52.14:399][  0]SourceControl: Source control is disabled
[2018.03.03-01.52.14:419][  0]SourceControl: Source control is disabled
[2018.03.03-01.52.14:740][  0]SourceControl: Source control is disabled
[2018.03.03-01.52.14:970][  0]SourceControl: Source control is disabled
[2018.03.03-01.52.17:544][  0]LogAndroidPermission: UAndroidPermissionCallbackProxy::GetInstance
[2018.03.03-01.52.18:017][  0]LogOcInput: OculusInput pre-init called
[2018.03.03-01.52.19:109][  0]LogEngine: Initializing Engine...
[2018.03.03-01.52.19:208][  0]LogHMD: Failed to initialize OpenVR with code 110
[2018.03.03-01.52.20:086][  0]LogStats: UGameplayTagsManager::ConstructGameplayTagTree: Construct from data asset -  0.000 s
[2018.03.03-01.52.20:087][  0]LogStats: UGameplayTagsManager::ConstructGameplayTagTree: GameplayTagTreeChangedEvent.Broadcast -  0.000 s
[2018.03.03-01.52.20:690][  0]LogAIModule: Creating AISystem for world Untitled
[2018.03.03-01.52.20:880][  0]LogInit: XAudio2 using 'Speakers / Headphones (Realtek Audio)' : 2 channels at 48 kHz using 32 bits per sample (channel mask 0x3)
[2018.03.03-01.52.20:992][  0]LogInit: FAudioDevice initialized.
[2018.03.03-01.52.21:165][  0]LogDerivedDataCache: Saved boot cache 0.17s 78MB C:/Users/zsomb/AppData/Local/UnrealEngine/4.18/DerivedDataCache/Boot.ddc.
[2018.03.03-01.52.21:181][  0]LogInit: Texture streaming: Enabled
[2018.03.03-01.52.21:482][  0]LogEngineSessionManager: EngineSessionManager initialized
[2018.03.03-01.52.22:212][  0]LogInit: Transaction tracking system initialized
[2018.03.03-01.52.26:963][  0]BlueprintLog: New page: Editor Load
[2018.03.03-01.52.33:322][  0]LocalizationService: Localization service is disabled
[2018.03.03-01.52.36:251][  0]LogLinker: Warning: Can't find file '/Game/ThirdPersonBP/ThirdPersonOverview'
[2018.03.03-01.52.36:251][  0]LogLinker: Warning: Can't find file '/Game/ThirdPersonBP/ThirdPersonOverview'
[2018.03.03-01.52.36:251][  0]LogUObjectGlobals: Warning: Failed to find object 'Class /Game/ThirdPersonBP/ThirdPersonOverview.ThirdPersonOverview_C'
[2018.03.03-01.52.39:147][  0]LogConsoleResponse: Display: 
[2018.03.03-01.52.44:364][  0]LogFileCache: Scanning file cache for directory 'D:/Programming/GitHub/unrealcourse/BuildingEscape/Content/' took 0.01s
[2018.03.03-01.52.44:364][  0]LogCook: Display: Max memory allowance for cook 16384mb min free memory 0mb
[2018.03.03-01.52.44:364][  0]LogCook: Display: Mobile HDR setting 1
[2018.03.03-01.52.44:395][  0]LogGameplayTags: Display: UGameplayTagsManager::DoneAddingNativeTags. DelegateIsBound: 0
[2018.03.03-01.52.56:419][  0]SourceControl: Source control is disabled
[2018.03.03-01.52.56:560][  0]Cmd: MAP LOAD FILE="../../../../../../../Programming/GitHub/unrealcourse/BuildingEscape/Content/StarterContent/Maps/Minimal_Default.umap" TEMPLATE=0 SHOWPROGRESS=1 FEATURELEVEL=3
[2018.03.03-01.52.56:666][  0]LightingResults: New page: Lighting Build
[2018.03.03-01.52.57:177][  0]MapCheck: New page: Map Check
[2018.03.03-01.52.57:177][  0]LightingResults: New page: Lighting Build
[2018.03.03-01.53.07:080][  0]LogAIModule: Creating AISystem for world Minimal_Default
[2018.03.03-01.53.08:840][  0]LogEditorServer: Finished looking for orphan Actors (0.000 secs)
[2018.03.03-01.53.09:273][  0]Cmd: MAP CHECKDEP NOCLEARLOG
[2018.03.03-01.53.09:367][  0]MapCheck: Map check complete: 0 Error(s), 0 Warning(s), took 93.462ms to complete.
[2018.03.03-01.53.09:367][  0]LogFileHelpers: Loading map 'Minimal_Default' took 12.884
[2018.03.03-01.53.14:629][  0]LogCollectionManager: Loaded 0 collections in 0.002720 seconds
[2018.03.03-01.53.15:033][  0]LogFileCache: Scanning file cache for directory 'D:/Programming/GitHub/unrealcourse/BuildingEscape/Saved/Collections/' took 0.01s
[2018.03.03-01.53.15:033][  0]LogFileCache: Scanning file cache for directory 'D:/Programming/GitHub/unrealcourse/BuildingEscape/Content/Developers/Asterix/Collections/' took 0.01s
[2018.03.03-01.53.15:033][  0]LogFileCache: Scanning file cache for directory 'D:/Programming/GitHub/unrealcourse/BuildingEscape/Content/Collections/' took 0.01s
[2018.03.03-01.53.15:033][  0]LogCollectionManager: Rebuilt the GUID cache for 0 collections in 0.000000 seconds
[2018.03.03-01.53.15:163][  0]LogContentBrowser: Native class hierarchy populated in 0.1134 seconds. Added 2364 classes and 521 folders.
[2018.03.03-01.53.15:461][  0]LogContentBrowser: Native class hierarchy updated for 'WidgetCarousel' in 0.0011 seconds. Added 0 classes and 0 folders.
[2018.03.03-01.53.20:008][  0]LogContentBrowser: Native class hierarchy updated for 'AddContentDialog' in 0.0009 seconds. Added 0 classes and 0 folders.
[2018.03.03-01.53.20:562][  0]LogContentBrowser: Native class hierarchy updated for 'SceneOutliner' in 0.0011 seconds. Added 1 classes and 2 folders.
[2018.03.03-01.53.22:994][  0]LogSlate: Took 0.017253 seconds to synchronously load lazily loaded font '../../../Engine/Content/Slate/Fonts/Roboto-Regular.ttf' (155K)
[2018.03.03-01.53.23:042][  0]LogSlate: Took 0.014903 seconds to synchronously load lazily loaded font '../../../Engine/Content/Slate/Fonts/Roboto-Bold.ttf' (160K)
[2018.03.03-01.53.23:111][  0]LogSlate: Took 0.016694 seconds to synchronously load lazily loaded font '../../../Engine/Content/Editor/Slate/Fonts/FontAwesome.ttf' (139K)
[2018.03.03-01.53.23:629][  0]LogRenderer: Reallocating scene render targets to support 1000x444 Format 10 NumSamples 1 (Frame:1).
[2018.03.03-01.53.24:580][  0]LogContentBrowser: Native class hierarchy updated for 'HierarchicalLODOutliner' in 0.0008 seconds. Added 1 classes and 2 folders.
[2018.03.03-01.53.24:580][  0]LogLoad: (Engine Initialization) Total time: 166.44 seconds
[2018.03.03-01.53.24:580][  0]LogLoad: (Engine Initialization) Total Blueprint compile time: 0.00 seconds
[2018.03.03-01.53.24:580][  0]LogExternalProfiler: No external profilers were discovered.  External profiling features will not be available.
[2018.03.03-01.53.25:121][  0]LogContentStreaming: Texture pool size now 1000 MB
[2018.03.03-01.53.25:335][  0]LogRenderer: Reallocating scene render targets to support 1000x460 Format 10 NumSamples 1 (Frame:2).
[2018.03.03-01.53.25:335][  0]LogSlate: Took 0.010383 seconds to synchronously load lazily loaded font '../../../Engine/Content/Slate/Fonts/Roboto-Light.ttf' (159K)
[2018.03.03-01.53.26:055][  3]LogAssetRegistry: Asset discovery search completed in 105.0965 seconds
[2018.03.03-01.53.26:058][  3]LogCollectionManager: Rebuilt the object cache for 0 collections in 0.000000 seconds (found 0 objects)
[2018.03.03-01.53.26:058][  3]LogCollectionManager: Fixed up redirectors for 0 collections in 0.000083 seconds (updated 0 objects)
[2018.03.03-05.49.44:469][667]Cmd: MAP LOAD FILE="../../../Engine/Content/Maps/Templates/Template_Default.umap" TEMPLATE=1 SHOWPROGRESS=1 FEATURELEVEL=3
[2018.03.03-05.49.44:522][667]LogSlate: Took 0.001009 seconds to synchronously load lazily loaded font '../../../Engine/Content/Slate/Fonts/Roboto-Light.ttf' (159K)
[2018.03.03-05.49.44:541][667]LightingResults: New page: Lighting Build
[2018.03.03-05.49.44:544][667]LoadErrors: New page: Loading map: Template_Default.umap
[2018.03.03-05.49.44:580][667]MapCheck: New page: Map Check
[2018.03.03-05.49.44:580][667]LightingResults: New page: Lighting Build
[2018.03.03-05.49.44:948][667]LogAIModule: Creating AISystem for world Untitled_1
[2018.03.03-05.49.45:199][667]LogEditorServer: Finished looking for orphan Actors (0.000 secs)
[2018.03.03-05.49.45:224][667]Cmd: MAP CHECKDEP NOCLEARLOG
[2018.03.03-05.49.45:297][667]MapCheck: Map check complete: 0 Error(s), 0 Warning(s), took 72.527ms to complete.
[2018.03.03-05.49.45:297][667]LogFileHelpers: Loading map 'Template_Default' took 0.862
[2018.03.03-05.50.29:583][ 28]Cmd: OBJ SAVEPACKAGE PACKAGE="/Game/NewMap" FILE="../../../../../../../Programming/GitHub/unrealcourse/BuildingEscape/Content/NewMap.umap" SILENT=true AUTOSAVING=false KEEPDIRTY=false
[2018.03.03-05.50.29:661][ 28]LogSavePackage: Save=59.88ms
[2018.03.03-05.50.29:661][ 28]LogSavePackage: Moving '../../../../../../../Programming/GitHub/unrealcourse/BuildingEscape/Saved/NewMap0FA479274968AC5ACBA95F96B675C67B.tmp' to '../../../../../../../Programming/GitHub/unrealcourse/BuildingEscape/Content/NewMap.umap'
[2018.03.03-05.50.29:662][ 28]LogSavePackage: Display: Finished SavePackage ../../../../../../../Programming/GitHub/unrealcourse/BuildingEscape/Content/NewMap.umap
[2018.03.03-05.50.29:770][ 28]Cmd: OBJ SAVEPACKAGE PACKAGE="/Game/NewMap_BuiltData" FILE="../../../../../../../Programming/GitHub/unrealcourse/BuildingEscape/Content/NewMap_BuiltData.uasset" SILENT=true
[2018.03.03-05.50.29:786][ 28]LogSavePackage: Save=14.82ms
[2018.03.03-05.50.29:786][ 28]LogSavePackage: Moving '../../../../../../../Programming/GitHub/unrealcourse/BuildingEscape/Saved/NewMap_BuiltData9EE1417B42DF98E4386CE0A97F2770E1.tmp' to '../../../../../../../Programming/GitHub/unrealcourse/BuildingEscape/Content/NewMap_BuiltData.uasset'
[2018.03.03-05.50.29:788][ 28]LogSavePackage: Display: Finished SavePackage ../../../../../../../Programming/GitHub/unrealcourse/BuildingEscape/Content/NewMap_BuiltData.uasset
[2018.03.03-05.50.29:793][ 28]LogFileHelpers: Saving map 'NewMap' took 0.337
[2018.03.03-05.50.29:795][ 28]Cmd: MAP LOAD FILE="../../../../../../../Programming/GitHub/unrealcourse/BuildingEscape/Content/NewMap.umap" TEMPLATE=0 SHOWPROGRESS=1 FEATURELEVEL=3
[2018.03.03-05.50.29:805][ 28]LightingResults: New page: Lighting Build
[2018.03.03-05.50.29:806][ 28]LoadErrors: New page: Loading map: NewMap.umap
[2018.03.03-05.50.29:806][ 28]MapCheck: New page: Map Check
[2018.03.03-05.50.29:806][ 28]LightingResults: New page: Lighting Build
[2018.03.03-05.50.29:840][ 28]LogAIModule: Creating AISystem for world NewMap
[2018.03.03-05.50.29:930][ 28]LogEditorServer: Finished looking for orphan Actors (0.000 secs)
[2018.03.03-05.50.29:961][ 28]Cmd: MAP CHECKDEP NOCLEARLOG
[2018.03.03-05.50.30:023][ 28]MapCheck: Map check complete: 0 Error(s), 0 Warning(s), took 62.033ms to complete.
[2018.03.03-05.50.30:023][ 28]LogFileHelpers: Loading map 'NewMap' took 0.229
[2018.03.03-05.50.30:024][ 28]LoadErrors: Error: /Game/NewMap : Failed import for MapBuildDataRegistry /Game/NewMap_BuiltData.NewMap_BuiltData Referenced by export Level /Game/NewMap.NewMap:PersistentLevel
[2018.03.03-05.50.40:129][437]LogTemp: Executing iPhonePackager certificates Engine -bundlename com.YourCompany.BuildingEscape
[2018.03.03-05.50.40:129][437]LogTemp: CWD: D:\Program Files\Epic Games\Unreal Engine\UE_4.18\Engine\Binaries\DotNET\IOS
[2018.03.03-05.50.40:129][437]LogTemp: Initial Dir: D:\Program Files\Epic Games\Unreal Engine\UE_4.18
[2018.03.03-05.50.40:129][437]LogTemp: Env CWD: D:\Program Files\Epic Games\Unreal Engine\UE_4.18\Engine\Binaries\DotNET\IOS
[2018.03.03-05.50.40:129][437]LogSlate: Only BGRA pngs, bmps or icos are supported in by External Image Picker
[2018.03.03-05.50.40:233][438]LogTemp: BranchPath = DESKTOP-1KFNQ7K/D/Program Files/Epic Games/Unreal Engine/UE_4.18/Engine/Binaries --- GameBranchPath = DESKTOP-1KFNQ7K/D/Program Files/Epic Games/Unreal Engine/UE_4.18/Engine/Binaries
[2018.03.03-05.50.40:234][438]LogTemp: IPP ERROR: Could not find provision directory 'C:\Users\zsomb\AppData\Local/Apple Computer/MobileDevice/Provisioning Profiles/'.
[2018.03.03-05.50.44:488][685]LogUObjectGlobals: Warning: Failed to find object 'Class /Script/BuildingEscape.BuildingEscapeGameMode'
[2018.03.03-05.50.57:233][ 79]LogSlate: Took 0.000353 seconds to synchronously load lazily loaded font '../../../Engine/Content/Slate/Fonts/Roboto-Light.ttf' (159K)
[2018.03.03-05.55.15:656][984]LogEditorViewport: Clicking on Actor (LMB): StaticMeshActor (Floor)
[2018.03.03-05.55.26:670][611]LogWindows: LaunchURL http://docs.unrealengine.com/latest/INT/Engine/UI/LevelEditor/Viewports/ViewportControls/index.html
[2018.03.03-05.58.07:170][146]LogActorFactory: Actor Factory created SM_Chair
[2018.03.03-05.58.08:321][206]LogActorFactory: Actor Factory created SM_Chair
[2018.03.03-05.58.11:308][379]Cmd: CAMERA ALIGN ACTIVEVIEWPORTONLY
[2018.03.03-05.58.24:565][711]Cmd: CAMERA ALIGN ACTIVEVIEWPORTONLY
[2018.03.03-06.00.03:069][369]Cmd: OBJ SAVEPACKAGE PACKAGE="/Game/NewMap" FILE="../../../../../../../Programming/GitHub/unrealcourse/BuildingEscape/Saved/Autosaves/Game/NewMap_Auto1.umap" SILENT=true AUTOSAVING=true KEEPDIRTY=false
[2018.03.03-06.00.03:652][369]LogSavePackage: Save=576.77ms
[2018.03.03-06.00.03:652][369]LogSavePackage: Moving '../../../../../../../Programming/GitHub/unrealcourse/BuildingEscape/Saved/NewMap_Auto162077AD5409ECB4B896B41AC905E081F.tmp' to '../../../../../../../Programming/GitHub/unrealcourse/BuildingEscape/Saved/Autosaves/Game/NewMap_Auto1.umap'
[2018.03.03-06.00.03:658][369]LogSavePackage: Display: Finished SavePackage ../../../../../../../Programming/GitHub/unrealcourse/BuildingEscape/Saved/Autosaves/Game/NewMap_Auto1.umap
[2018.03.03-06.00.03:664][369]LogFileHelpers: Editor autosave (incl. sublevels) for '/Game/NewMap' took 0.606
[2018.03.03-06.00.03:664][369]LogFileHelpers: Editor autosave (incl. sublevels) for all levels took 0.606
[2018.03.03-06.03.31:522][305]LogMaterial: Missing cached shader map for material M_Rock, compiling. 
[2018.03.03-06.03.31:738][305]LogActorFactory: Actor Factory created SM_Rock
[2018.03.03-06.03.32:721][360]LogActorFactory: Actor Factory created SM_Rock
[2018.03.03-06.10.04:314][885]Cmd: OBJ SAVEPACKAGE PACKAGE="/Game/NewMap" FILE="../../../../../../../Programming/GitHub/unrealcourse/BuildingEscape/Saved/Autosaves/Game/NewMap_Auto2.umap" SILENT=true AUTOSAVING=true KEEPDIRTY=false
[2018.03.03-06.10.04:354][885]LogSavePackage: Save=33.22ms
[2018.03.03-06.10.04:354][885]LogSavePackage: Moving '../../../../../../../Programming/GitHub/unrealcourse/BuildingEscape/Saved/NewMap_Auto2C0D18C364B6AF81670EDD09FCBDB9D47.tmp' to '../../../../../../../Programming/GitHub/unrealcourse/BuildingEscape/Saved/Autosaves/Game/NewMap_Auto2.umap'
[2018.03.03-06.10.04:356][885]LogSavePackage: Display: Finished SavePackage ../../../../../../../Programming/GitHub/unrealcourse/BuildingEscape/Saved/Autosaves/Game/NewMap_Auto2.umap
[2018.03.03-06.10.04:359][885]LogFileHelpers: Editor autosave (incl. sublevels) for '/Game/NewMap' took 0.056
[2018.03.03-06.10.04:359][885]LogFileHelpers: Editor autosave (incl. sublevels) for all levels took 0.056
[2018.03.03-06.11.24:623][956]LogEditorViewport: Clicking on Actor (LMB): StaticMeshActor (SM_Chair)
[2018.03.03-06.12.35:821][779]Cmd: OBJ SAVEPACKAGE PACKAGE="/Game/NewMap" FILE="../../../../../../../Programming/GitHub/unrealcourse/BuildingEscape/Content/NewMap.umap" SILENT=true AUTOSAVING=false KEEPDIRTY=false
[2018.03.03-06.12.35:866][779]LogSavePackage: Save=31.90ms
[2018.03.03-06.12.35:866][779]LogSavePackage: Moving '../../../../../../../Programming/GitHub/unrealcourse/BuildingEscape/Saved/NewMap5C446DFE42AA141202D472BFA9B8DD58.tmp' to '../../../../../../../Programming/GitHub/unrealcourse/BuildingEscape/Content/NewMap.umap'
[2018.03.03-06.12.35:871][779]LogSavePackage: Display: Finished SavePackage ../../../../../../../Programming/GitHub/unrealcourse/BuildingEscape/Content/NewMap.umap
[2018.03.03-06.23.27:309][924]Cmd: QUIT_EDITOR
[2018.03.03-06.23.28:561][924]LogWindowsTextInputMethodSystem: Display: IME system now deactivated.
[2018.03.03-06.23.28:683][924]LogExit: Preparing to exit.
[2018.03.03-06.23.30:186][924]LogDirectoryWatcher: A directory notification for 'D:/Programming/GitHub/unrealcourse/BuildingEscape/Content/' was aborted.
[2018.03.03-06.23.30:255][924]LogExit: Editor shut down
[2018.03.03-06.23.30:290][924]LogExit: Transaction tracking system shut down
[2018.03.03-06.23.30:878][924]LogDirectoryWatcher: A directory notification for '../../../Engine/Content/' was aborted.
[2018.03.03-06.23.30:878][924]LogDirectoryWatcher: A directory notification for '../../../../../../../Programming/GitHub/unrealcourse/BuildingEscape/Content/' was aborted.
[2018.03.03-06.23.30:879][924]LogDirectoryWatcher: A directory notification for '../../../Engine/Plugins/2D/Paper2D/Content/' was aborted.
[2018.03.03-06.23.30:879][924]LogDirectoryWatcher: A directory notification for '../../../Engine/Plugins/Media/MediaCompositing/Content/' was aborted.
[2018.03.03-06.23.30:879][924]LogDirectoryWatcher: A directory notification for '../../../Engine/Plugins/Runtime/AppleARKit/Content/' was aborted.
[2018.03.03-06.23.30:879][924]LogDirectoryWatcher: A directory notification for '../../../Engine/Plugins/Runtime/Oculus/OculusVR/Content/' was aborted.
[2018.03.03-06.23.30:879][924]LogDirectoryWatcher: A directory notification for '../../../Engine/Plugins/Runtime/Steam/SteamVR/Content/' was aborted.
[2018.03.03-06.23.33:861][924]LogExit: Object subsystem successfully closed.
[2018.03.03-06.23.34:459][924]LogD3D11RHI: Shutdown
[2018.03.03-06.23.34:459][924]LogD3D11RHI: CleanupD3DDevice
[2018.03.03-06.23.34:526][924]LogD3D11RHI: ~FD3D11DynamicRHI
